############################################
File Guard Started......
Monitoring: /home/sudip-howlader/Downloads
Log File: /home/sudip-howlader/file-guard/logs/log_2026-04-08_11-32-31.log
###########################################


--------------------------------------------------
Wed Apr  8 11:35:03 IST 2026 - New file detected
File: wp4615550-1139751273.png
Path: /home/sudip-howlader/Downloads/wp4615550-1139751273.png
Type: image/png
Size: 1209526 bytes
SHA256: 70287655a43abb7eda8845a3f3f9f203beb336051bcdee79600a15b26978a5f4
--------------------------------------------------
Scan Result: ERROR
Action: DELETE

Skipped: unsafe file (missing or symlink)

--------------------------------------------------
Wed Apr  8 11:35:42 IST 2026 - New file detected
File: 3329939-678975043.jpg
Path: /home/sudip-howlader/Downloads/3329939-678975043.jpg
Type: image/jpeg
Size: 1714177 bytes
SHA256: 8c636770c1ad704ca4ce9b5a3f8273ac99f8716fce70acd80b401ebd8c11c716
--------------------------------------------------
Scan Result: ERROR
Action: DELETE

Skipped: unsafe file (missing or symlink)

Wed Apr  8 11:37:57 IST 2026 - Service Stopping...
File Guard Stopped........
