############################################
File Guard Started......
Monitoring: /home/sudip-howlader/Downloads
Log File: /home/sudip-howlader/file-guard/logs/log_2026-04-06_07-51-31.log
###########################################

Setting up watches.
Watches established.

--------------------------------------------------
Mon Apr  6 07:53:29 IST 2026 - New file detected
File: test_script.txt
Path: /home/sudip-howlader/Downloads/test_script.txt
--------------------------------------------------
Scan Result: UNSAFE
Action: QUARANTINE -> /home/sudip-howlader/file-guard/quarantine


--------------------------------------------------
Mon Apr  6 07:54:44 IST 2026 - New file detected
File: rev.txt
Path: /home/sudip-howlader/Downloads/rev.txt
--------------------------------------------------
Scan Result: SAFE
Action: SAFE


--------------------------------------------------
Mon Apr  6 07:56:42 IST 2026 - New file detected
File: danger.txt
Path: /home/sudip-howlader/Downloads/danger.txt
--------------------------------------------------
Scan Result: SAFE
Action: SAFE


--------------------------------------------------
Mon Apr  6 07:57:39 IST 2026 - New file detected
File: test.pdf
Path: /home/sudip-howlader/Downloads/test.pdf
--------------------------------------------------
Scan Result: UNSAFE
Action: DELETE

Terminated

Mon Apr  6 08:01:34 IST 2026 - Service Stopping...
File Guard Stopped........
############################################
File Guard Started......
Monitoring: /home/sudip-howlader/Downloads
Log File: /home/sudip-howlader/file-guard/logs/log_2026-04-06_08-09-53.log
###########################################

Setting up watches.
Watches established.
Terminated

Mon Apr  6 09:07:00 IST 2026 - Service Stopping...
File Guard Stopped........
############################################
File Guard Started......
Monitoring: /home/sudip-howlader/Downloads
Log File: /home/sudip-howlader/file-guard/logs/log_2026-04-06_18-18-03.log
###########################################

Setting up watches.
Watches established.

--------------------------------------------------
Mon Apr  6 18:19:49 IST 2026 - New file detected
File: 5960475-972843537.jpg
Path: /home/sudip-howlader/Downloads/5960475-972843537.jpg
--------------------------------------------------
Scan Result: SAFE
Action: SAFE


--------------------------------------------------
Mon Apr  6 18:28:37 IST 2026 - New file detected
File: fileguard_test
Path: /home/sudip-howlader/Downloads/fileguard_test
--------------------------------------------------
Scan Result: ERROR
Action: IGNORE


--------------------------------------------------
Mon Apr  6 18:36:16 IST 2026 - New file detected
File: Wrl9Ngxv.txt
Path: /home/sudip-howlader/Downloads/Wrl9Ngxv.txt
--------------------------------------------------
Scan Result: ERROR
Action: DELETE


--------------------------------------------------
Mon Apr  6 18:36:32 IST 2026 - New file detected
File: Wrl9Ngxv.txt.part
Path: /home/sudip-howlader/Downloads/Wrl9Ngxv.txt.part
--------------------------------------------------
Scan Result: SAFE
Action: SAFE


--------------------------------------------------
Mon Apr  6 18:36:45 IST 2026 - New file detected
File: attribute_local_apache2_icons.jpg
Path: /home/sudip-howlader/Downloads/attribute_local_apache2_icons.jpg
--------------------------------------------------
Scan Result: SAFE
Action: SAFE

Terminated

Mon Apr  6 18:38:37 IST 2026 - Service Stopping...
File Guard Stopped........
############################################
File Guard Started......
Monitoring: /home/sudip-howlader/Downloads
Log File: /home/sudip-howlader/file-guard/logs/log_2026-04-08_05-39-32.log
###########################################

Setting up watches.
Watches established.
Terminated

Wed Apr  8 06:58:55 IST 2026 - Service Stopping...
File Guard Stopped........
Scanner integrity FAILED!
Scanner integrity FAILED!
Scanner integrity FAILED!
Scanner integrity FAILED!
Scanner integrity FAILED!
Scanner integrity FAILED!
Scanner integrity FAILED!
Scanner integrity FAILED!
Scanner integrity FAILED!
Scanner integrity FAILED!
Scanner integrity FAILED!
Scanner integrity FAILED!
Scanner integrity FAILED!
Scanner integrity FAILED!
Scanner integrity FAILED!
Scanner integrity FAILED!
Scanner integrity FAILED!
Scanner integrity FAILED!
Scanner integrity FAILED!
Scanner integrity FAILED!
Scanner integrity FAILED!
Scanner integrity FAILED!
Scanner integrity FAILED!
Scanner integrity FAILED!
Scanner integrity FAILED!
Scanner integrity FAILED!
Scanner integrity FAILED!
Scanner integrity FAILED!
Scanner integrity FAILED!
Scanner integrity FAILED!
Scanner integrity FAILED!
Scanner integrity FAILED!
Scanner integrity FAILED!
Scanner integrity FAILED!
Scanner integrity FAILED!
Scanner integrity FAILED!
Scanner integrity FAILED!
Scanner integrity FAILED!
Scanner integrity FAILED!
Scanner integrity FAILED!
Scanner integrity FAILED!
Scanner integrity FAILED!
Scanner integrity FAILED!
Scanner integrity FAILED!
Scanner integrity FAILED!
Scanner integrity FAILED!
Scanner integrity FAILED!
Scanner integrity FAILED!
Scanner integrity FAILED!
Scanner integrity FAILED!
Scanner integrity FAILED!
Scanner integrity FAILED!
Scanner integrity FAILED!
Scanner integrity FAILED!
Scanner integrity FAILED!
Scanner integrity FAILED!
Scanner integrity FAILED!
Scanner integrity FAILED!
Scanner integrity FAILED!
Scanner integrity FAILED!
Scanner integrity FAILED!
Scanner integrity FAILED!
Scanner integrity FAILED!
Scanner integrity FAILED!
Scanner integrity FAILED!
Scanner integrity FAILED!
Scanner integrity FAILED!
Scanner integrity FAILED!
Scanner integrity FAILED!
Scanner integrity FAILED!
Scanner integrity FAILED!
Scanner integrity FAILED!
Scanner integrity FAILED!
Scanner integrity FAILED!
Scanner integrity FAILED!
Scanner integrity FAILED!
Scanner integrity FAILED!
Scanner integrity FAILED!
Scanner integrity FAILED!
Scanner integrity FAILED!
Scanner integrity FAILED!
Scanner integrity FAILED!
Scanner integrity FAILED!
Scanner integrity FAILED!
Scanner integrity FAILED!
Scanner integrity FAILED!
Scanner integrity FAILED!
Scanner integrity FAILED!
Scanner integrity FAILED!
Scanner integrity FAILED!
Scanner integrity FAILED!
Scanner integrity FAILED!
Scanner integrity FAILED!
Scanner integrity FAILED!
Scanner integrity FAILED!
Scanner integrity FAILED!
Scanner integrity FAILED!
Scanner integrity FAILED!
Scanner integrity FAILED!
Scanner integrity FAILED!
Scanner integrity FAILED!
Scanner integrity FAILED!
Scanner integrity FAILED!
############################################
File Guard Started......
Monitoring: /home/sudip-howlader/Downloads
Log File: /home/sudip-howlader/file-guard/logs/log_2026-04-08_10-49-25.log
###########################################

Terminated

Wed Apr  8 10:53:00 IST 2026 - Service Stopping...
File Guard Stopped........
############################################
File Guard Started......
Monitoring: /home/sudip-howlader/Downloads
Log File: /home/sudip-howlader/file-guard/logs/log_2026-04-08_10-56-17.log
###########################################


--------------------------------------------------
Wed Apr  8 10:57:23 IST 2026 - New file detected
File: eicar.txt
Path: /home/sudip-howlader/Downloads/eicar.txt
Type: text/plain
Skipped: unsupported type (text/plain)
Terminated

Wed Apr  8 10:58:30 IST 2026 - Service Stopping...
File Guard Stopped........
############################################
File Guard Started......
Monitoring: /home/sudip-howlader/Downloads
Log File: /home/sudip-howlader/file-guard/logs/log_2026-04-08_11-32-31.log
###########################################


--------------------------------------------------
Wed Apr  8 11:35:03 IST 2026 - New file detected
File: wp4615550-1139751273.png
Path: /home/sudip-howlader/Downloads/wp4615550-1139751273.png
Type: image/png
Size: 1209526 bytes
SHA256: 70287655a43abb7eda8845a3f3f9f203beb336051bcdee79600a15b26978a5f4
--------------------------------------------------
Scan Result: ERROR
Action: DELETE

Skipped: unsafe file (missing or symlink)

--------------------------------------------------
Wed Apr  8 11:35:42 IST 2026 - New file detected
File: 3329939-678975043.jpg
Path: /home/sudip-howlader/Downloads/3329939-678975043.jpg
Type: image/jpeg
Size: 1714177 bytes
SHA256: 8c636770c1ad704ca4ce9b5a3f8273ac99f8716fce70acd80b401ebd8c11c716
--------------------------------------------------
Scan Result: ERROR
Action: DELETE

Skipped: unsafe file (missing or symlink)
Terminated

Wed Apr  8 11:37:57 IST 2026 - Service Stopping...
File Guard Stopped........
############################################
File Guard Started......
Monitoring: /home/sudip-howlader/Downloads
Log File: /home/sudip-howlader/file-guard/logs/log_2026-04-08_12-07-46.log
###########################################

Terminated

Wed Apr  8 12:07:53 IST 2026 - Service Stopping...
File Guard Stopped........
############################################
File Guard Started......
Monitoring: /home/sudip-howlader/Downloads
Log File: /home/sudip-howlader/file-guard/logs/log_2026-04-08_12-08-31.log
###########################################


--------------------------------------------------
Wed Apr  8 12:09:16 IST 2026 - New file detected
File: 38728084.webp
Path: /home/sudip-howlader/Downloads/38728084.webp
Type: image/webp
Size: 13592 bytes
SHA256: caa00f90f02447831e9fdc9da8708be8d5cca5a8a2aad2556861d583d312b187
--------------------------------------------------
Scan Result: SAFE
Action: SAFE


--------------------------------------------------
Wed Apr  8 12:10:57 IST 2026 - New file detected
File: OIP-680768657.jpg
Path: /home/sudip-howlader/Downloads/OIP-680768657.jpg
Type: image/jpeg
Size: 39635 bytes
SHA256: 08248a99d3aa4a4e042e011c0fac09b0aca49d601124bbad1665265b5c02f971
--------------------------------------------------
Scan Result: SAFE
Action: SAFE

Terminated

Wed Apr  8 12:22:15 IST 2026 - Service Stopping...
File Guard Stopped........
